Using launch settings from C:\Users\Koushik Gaddam\OneDrive\Desktop\KOUSHIK\backend\HealthInsurance.API\Properties\launchSettings.json...
Building...
C:\Users\Koushik Gaddam\OneDrive\Desktop\KOUSHIK\backend\HealthInsurance.Infrastructure\HealthInsurance.Infrastructure.csproj : warning NU1701: Package 'LightInject.Web 2.0.0' was restored using '.NETFramework,Version=v4.6.1, .NETFramework,Version=v4.6.2, .NETFramework,Version=v4.7, .NETFramework,Version=v4.7.1, .NETFramework,Version=v4.7.2, .NETFramework,Version=v4.8, .NETFramework,Version=v4.8.1' instead of the project target framework 'net8.0'. This package may not be fully compatible with your project. [C:\Users\Koushik Gaddam\OneDrive\Desktop\KOUSHIK\backend\HealthInsurance.API\HealthInsurance.API.csproj]
C:\Users\Koushik Gaddam\OneDrive\Desktop\KOUSHIK\backend\HealthInsurance.API\HealthInsurance.API.csproj : warning NU1701: Package 'LightInject.Web 2.0.0' was restored using '.NETFramework,Version=v4.6.1, .NETFramework,Version=v4.6.2, .NETFramework,Version=v4.7, .NETFramework,Version=v4.7.1, .NETFramework,Version=v4.7.2, .NETFramework,Version=v4.8, .NETFramework,Version=v4.8.1' instead of the project target framework 'net8.0'. This package may not be fully compatible with your project.
C:\Users\Koushik Gaddam\OneDrive\Desktop\KOUSHIK\backend\HealthInsurance.API\HealthInsurance.API.csproj : warning NU1701: Package 'Microsoft.AspNet.Identity.Core 2.2.2' was restored using '.NETFramework,Version=v4.6.1, .NETFramework,Version=v4.6.2, .NETFramework,Version=v4.7, .NETFramework,Version=v4.7.1, .NETFramework,Version=v4.7.2, .NETFramework,Version=v4.8, .NETFramework,Version=v4.8.1' instead of the project target framework 'net8.0'. This package may not be fully compatible with your project.
C:\Users\Koushik Gaddam\OneDrive\Desktop\KOUSHIK\backend\HealthInsurance.Infrastructure\HealthInsurance.Infrastructure.csproj : warning NU1701: Package 'Microsoft.AspNet.Identity.Core 2.2.2' was restored using '.NETFramework,Version=v4.6.1, .NETFramework,Version=v4.6.2, .NETFramework,Version=v4.7, .NETFramework,Version=v4.7.1, .NETFramework,Version=v4.7.2, .NETFramework,Version=v4.8, .NETFramework,Version=v4.8.1' instead of the project target framework 'net8.0'. This package may not be fully compatible with your project. [C:\Users\Koushik Gaddam\OneDrive\Desktop\KOUSHIK\backend\HealthInsurance.API\HealthInsurance.API.csproj]
C:\Users\Koushik Gaddam\OneDrive\Desktop\KOUSHIK\backend\HealthInsurance.API\HealthInsurance.API.csproj : warning NU1701: Package 'Microsoft.Owin 4.0.1' was restored using '.NETFramework,Version=v4.6.1, .NETFramework,Version=v4.6.2, .NETFramework,Version=v4.7, .NETFramework,Version=v4.7.1, .NETFramework,Version=v4.7.2, .NETFramework,Version=v4.8, .NETFramework,Version=v4.8.1' instead of the project target framework 'net8.0'. This package may not be fully compatible with your project.
C:\Users\Koushik Gaddam\OneDrive\Desktop\KOUSHIK\backend\HealthInsurance.Infrastructure\HealthInsurance.Infrastructure.csproj : warning NU1701: Package 'Microsoft.Owin 4.0.1' was restored using '.NETFramework,Version=v4.6.1, .NETFramework,Version=v4.6.2, .NETFramework,Version=v4.7, .NETFramework,Version=v4.7.1, .NETFramework,Version=v4.7.2, .NETFramework,Version=v4.8, .NETFramework,Version=v4.8.1' instead of the project target framework 'net8.0'. This package may not be fully compatible with your project. [C:\Users\Koushik Gaddam\OneDrive\Desktop\KOUSHIK\backend\HealthInsurance.API\HealthInsurance.API.csproj]
C:\Users\Koushik Gaddam\OneDrive\Desktop\KOUSHIK\backend\HealthInsurance.Infrastructure\HealthInsurance.Infrastructure.csproj : warning NU1701: Package 'MiniProfiler 4.0.138' was restored using '.NETFramework,Version=v4.6.1, .NETFramework,Version=v4.6.2, .NETFramework,Version=v4.7, .NETFramework,Version=v4.7.1, .NETFramework,Version=v4.7.2, .NETFramework,Version=v4.8, .NETFramework,Version=v4.8.1' instead of the project target framework 'net8.0'. This package may not be fully compatible with your project. [C:\Users\Koushik Gaddam\OneDrive\Desktop\KOUSHIK\backend\HealthInsurance.API\HealthInsurance.API.csproj]
C:\Users\Koushik Gaddam\OneDrive\Desktop\KOUSHIK\backend\HealthInsurance.API\HealthInsurance.API.csproj : warning NU1701: Package 'MiniProfiler 4.0.138' was restored using '.NETFramework,Version=v4.6.1, .NETFramework,Version=v4.6.2, .NETFramework,Version=v4.7, .NETFramework,Version=v4.7.1, .NETFramework,Version=v4.7.2, .NETFramework,Version=v4.8, .NETFramework,Version=v4.8.1' instead of the project target framework 'net8.0'. This package may not be fully compatible with your project.
C:\Users\Koushik Gaddam\OneDrive\Desktop\KOUSHIK\backend\HealthInsurance.Infrastructure\HealthInsurance.Infrastructure.csproj : warning NU1701: Package 'Owin 1.0.0' was restored using '.NETFramework,Version=v4.6.1, .NETFramework,Version=v4.6.2, .NETFramework,Version=v4.7, .NETFramework,Version=v4.7.1, .NETFramework,Version=v4.7.2, .NETFramework,Version=v4.8, .NETFramework,Version=v4.8.1' instead of the project target framework 'net8.0'. This package may not be fully compatible with your project. [C:\Users\Koushik Gaddam\OneDrive\Desktop\KOUSHIK\backend\HealthInsurance.API\HealthInsurance.API.csproj]
C:\Users\Koushik Gaddam\OneDrive\Desktop\KOUSHIK\backend\HealthInsurance.API\HealthInsurance.API.csproj : warning NU1701: Package 'Owin 1.0.0' was restored using '.NETFramework,Version=v4.6.1, .NETFramework,Version=v4.6.2, .NETFramework,Version=v4.7, .NETFramework,Version=v4.7.1, .NETFramework,Version=v4.7.2, .NETFramework,Version=v4.8, .NETFramework,Version=v4.8.1' instead of the project target framework 'net8.0'. This package may not be fully compatible with your project.
C:\Users\Koushik Gaddam\OneDrive\Desktop\KOUSHIK\backend\HealthInsurance.Infrastructure\HealthInsurance.Infrastructure.csproj : warning NU1701: Package 'UmbracoCms.Core 8.18.15' was restored using '.NETFramework,Version=v4.6.1, .NETFramework,Version=v4.6.2, .NETFramework,Version=v4.7, .NETFramework,Version=v4.7.1, .NETFramework,Version=v4.7.2, .NETFramework,Version=v4.8, .NETFramework,Version=v4.8.1' instead of the project target framework 'net8.0'. This package may not be fully compatible with your project. [C:\Users\Koushik Gaddam\OneDrive\Desktop\KOUSHIK\backend\HealthInsurance.API\HealthInsurance.API.csproj]
C:\Users\Koushik Gaddam\OneDrive\Desktop\KOUSHIK\backend\HealthInsurance.API\HealthInsurance.API.csproj : warning NU1701: Package 'UmbracoCms.Core 8.18.15' was restored using '.NETFramework,Version=v4.6.1, .NETFramework,Version=v4.6.2, .NETFramework,Version=v4.7, .NETFramework,Version=v4.7.1, .NETFramework,Version=v4.7.2, .NETFramework,Version=v4.8, .NETFramework,Version=v4.8.1' instead of the project target framework 'net8.0'. This package may not be fully compatible with your project.
C:\Users\Koushik Gaddam\OneDrive\Desktop\KOUSHIK\backend\HealthInsurance.API\HealthInsurance.API.csproj : warning NU1701: Package 'LightInject.Web 2.0.0' was restored using '.NETFramework,Version=v4.6.1, .NETFramework,Version=v4.6.2, .NETFramework,Version=v4.7, .NETFramework,Version=v4.7.1, .NETFramework,Version=v4.7.2, .NETFramework,Version=v4.8, .NETFramework,Version=v4.8.1' instead of the project target framework 'net8.0'. This package may not be fully compatible with your project.
C:\Users\Koushik Gaddam\OneDrive\Desktop\KOUSHIK\backend\HealthInsurance.API\HealthInsurance.API.csproj : warning NU1701: Package 'Microsoft.AspNet.Identity.Core 2.2.2' was restored using '.NETFramework,Version=v4.6.1, .NETFramework,Version=v4.6.2, .NETFramework,Version=v4.7, .NETFramework,Version=v4.7.1, .NETFramework,Version=v4.7.2, .NETFramework,Version=v4.8, .NETFramework,Version=v4.8.1' instead of the project target framework 'net8.0'. This package may not be fully compatible with your project.
C:\Users\Koushik Gaddam\OneDrive\Desktop\KOUSHIK\backend\HealthInsurance.API\HealthInsurance.API.csproj : warning NU1701: Package 'Microsoft.Owin 4.0.1' was restored using '.NETFramework,Version=v4.6.1, .NETFramework,Version=v4.6.2, .NETFramework,Version=v4.7, .NETFramework,Version=v4.7.1, .NETFramework,Version=v4.7.2, .NETFramework,Version=v4.8, .NETFramework,Version=v4.8.1' instead of the project target framework 'net8.0'. This package may not be fully compatible with your project.
C:\Users\Koushik Gaddam\OneDrive\Desktop\KOUSHIK\backend\HealthInsurance.API\HealthInsurance.API.csproj : warning NU1701: Package 'MiniProfiler 4.0.138' was restored using '.NETFramework,Version=v4.6.1, .NETFramework,Version=v4.6.2, .NETFramework,Version=v4.7, .NETFramework,Version=v4.7.1, .NETFramework,Version=v4.7.2, .NETFramework,Version=v4.8, .NETFramework,Version=v4.8.1' instead of the project target framework 'net8.0'. This package may not be fully compatible with your project.
C:\Users\Koushik Gaddam\OneDrive\Desktop\KOUSHIK\backend\HealthInsurance.API\HealthInsurance.API.csproj : warning NU1701: Package 'Owin 1.0.0' was restored using '.NETFramework,Version=v4.6.1, .NETFramework,Version=v4.6.2, .NETFramework,Version=v4.7, .NETFramework,Version=v4.7.1, .NETFramework,Version=v4.7.2, .NETFramework,Version=v4.8, .NETFramework,Version=v4.8.1' instead of the project target framework 'net8.0'. This package may not be fully compatible with your project.
C:\Users\Koushik Gaddam\OneDrive\Desktop\KOUSHIK\backend\HealthInsurance.API\HealthInsurance.API.csproj : warning NU1701: Package 'UmbracoCms.Core 8.18.15' was restored using '.NETFramework,Version=v4.6.1, .NETFramework,Version=v4.6.2, .NETFramework,Version=v4.7, .NETFramework,Version=v4.7.1, .NETFramework,Version=v4.7.2, .NETFramework,Version=v4.8, .NETFramework,Version=v4.8.1' instead of the project target framework 'net8.0'. This package may not be fully compatible with your project.
C:\Users\Koushik Gaddam\OneDrive\Desktop\KOUSHIK\backend\HealthInsurance.Infrastructure\HealthInsurance.Infrastructure.csproj : warning NU1701: Package 'LightInject.Web 2.0.0' was restored using '.NETFramework,Version=v4.6.1, .NETFramework,Version=v4.6.2, .NETFramework,Version=v4.7, .NETFramework,Version=v4.7.1, .NETFramework,Version=v4.7.2, .NETFramework,Version=v4.8, .NETFramework,Version=v4.8.1' instead of the project target framework 'net8.0'. This package may not be fully compatible with your project.
C:\Users\Koushik Gaddam\OneDrive\Desktop\KOUSHIK\backend\HealthInsurance.Infrastructure\HealthInsurance.Infrastructure.csproj : warning NU1701: Package 'Microsoft.AspNet.Identity.Core 2.2.2' was restored using '.NETFramework,Version=v4.6.1, .NETFramework,Version=v4.6.2, .NETFramework,Version=v4.7, .NETFramework,Version=v4.7.1, .NETFramework,Version=v4.7.2, .NETFramework,Version=v4.8, .NETFramework,Version=v4.8.1' instead of the project target framework 'net8.0'. This package may not be fully compatible with your project.
C:\Users\Koushik Gaddam\OneDrive\Desktop\KOUSHIK\backend\HealthInsurance.Infrastructure\HealthInsurance.Infrastructure.csproj : warning NU1701: Package 'Microsoft.Owin 4.0.1' was restored using '.NETFramework,Version=v4.6.1, .NETFramework,Version=v4.6.2, .NETFramework,Version=v4.7, .NETFramework,Version=v4.7.1, .NETFramework,Version=v4.7.2, .NETFramework,Version=v4.8, .NETFramework,Version=v4.8.1' instead of the project target framework 'net8.0'. This package may not be fully compatible with your project.
C:\Users\Koushik Gaddam\OneDrive\Desktop\KOUSHIK\backend\HealthInsurance.Infrastructure\HealthInsurance.Infrastructure.csproj : warning NU1701: Package 'MiniProfiler 4.0.138' was restored using '.NETFramework,Version=v4.6.1, .NETFramework,Version=v4.6.2, .NETFramework,Version=v4.7, .NETFramework,Version=v4.7.1, .NETFramework,Version=v4.7.2, .NETFramework,Version=v4.8, .NETFramework,Version=v4.8.1' instead of the project target framework 'net8.0'. This package may not be fully compatible with your project.
C:\Users\Koushik Gaddam\OneDrive\Desktop\KOUSHIK\backend\HealthInsurance.Infrastructure\HealthInsurance.Infrastructure.csproj : warning NU1701: Package 'Owin 1.0.0' was restored using '.NETFramework,Version=v4.6.1, .NETFramework,Version=v4.6.2, .NETFramework,Version=v4.7, .NETFramework,Version=v4.7.1, .NETFramework,Version=v4.7.2, .NETFramework,Version=v4.8, .NETFramework,Version=v4.8.1' instead of the project target framework 'net8.0'. This package may not be fully compatible with your project.
C:\Users\Koushik Gaddam\OneDrive\Desktop\KOUSHIK\backend\HealthInsurance.Infrastructure\HealthInsurance.Infrastructure.csproj : warning NU1701: Package 'UmbracoCms.Core 8.18.15' was restored using '.NETFramework,Version=v4.6.1, .NETFramework,Version=v4.6.2, .NETFramework,Version=v4.7, .NETFramework,Version=v4.7.1, .NETFramework,Version=v4.7.2, .NETFramework,Version=v4.8, .NETFramework,Version=v4.8.1' instead of the project target framework 'net8.0'. This package may not be fully compatible with your project.
C:\Users\Koushik Gaddam\OneDrive\Desktop\KOUSHIK\backend\HealthInsurance.API\Program.cs(4,7): warning CS0105: The using directive for 'HealthInsurance.Application.Interfaces' appeared previously in this namespace [C:\Users\Koushik Gaddam\OneDrive\Desktop\KOUSHIK\backend\HealthInsurance.API\HealthInsurance.API.csproj]
C:\Users\Koushik Gaddam\OneDrive\Desktop\KOUSHIK\backend\HealthInsurance.API\Program.cs(6,7): warning CS0105: The using directive for 'HealthInsurance.Application.Services' appeared previously in this namespace [C:\Users\Koushik Gaddam\OneDrive\Desktop\KOUSHIK\backend\HealthInsurance.API\HealthInsurance.API.csproj]
C:\Users\Koushik Gaddam\OneDrive\Desktop\KOUSHIK\backend\HealthInsurance.API\Controllers\StaffController.cs(56,26): warning CS0168: The variable 'obj' is declared but never used [C:\Users\Koushik Gaddam\OneDrive\Desktop\KOUSHIK\backend\HealthInsurance.API\HealthInsurance.API.csproj]
info: Microsoft.Hosting.Lifetime[14]
      Now listening on: http://localhost:5144
info: Microsoft.Hosting.Lifetime[0]
      Application started. Press Ctrl+C to shut down.
info: Microsoft.Hosting.Lifetime[0]
      Hosting environment: Development
info: Microsoft.Hosting.Lifetime[0]
      Content root path: C:\Users\Koushik Gaddam\OneDrive\Desktop\KOUSHIK\backend\HealthInsurance.API
info: Microsoft.EntityFrameworkCore.Database.Command[20101]
      Executed DbCommand (22ms) [Parameters=[@__email_0='?' (Size = 4000)], CommandType='Text', CommandTimeout='30']
      SELECT TOP(1) [u].[Id], [u].[CreatedAt], [u].[Email], [u].[FullName], [u].[IsActive], [u].[PasswordHash], [u].[Role], [u].[UpdatedAt]
      FROM [Users] AS [u]
      WHERE [u].[Email] = @__email_0 AND [u].[IsActive] = CAST(1 AS bit)
info: Microsoft.EntityFrameworkCore.Database.Command[20101]
      Executed DbCommand (2ms) [Parameters=[@__email_0='?' (Size = 4000)], CommandType='Text', CommandTimeout='30']
      SELECT TOP(1) [u].[Id], [u].[CreatedAt], [u].[Email], [u].[FullName], [u].[IsActive], [u].[PasswordHash], [u].[Role], [u].[UpdatedAt]
      FROM [Users] AS [u]
      WHERE [u].[Email] = @__email_0 AND [u].[IsActive] = CAST(1 AS bit)
info: Microsoft.EntityFrameworkCore.Database.Command[20101]
      Executed DbCommand (1ms) [Parameters=[], CommandType='Text', CommandTimeout='30']
      SELECT [p].[Id], [p].[AgentId], [p].[CoverageAmount], [p].[CreatedAt], [p].[ExpiryDate], [p].[IsActive], [p].[MonthlyPremium], [p].[PlanName], [p].[PolicyNumber], [p].[Status], [p].[TierName], [p].[UpdatedAt], [p].[UserId]
      FROM [Policies] AS [p]
info: Microsoft.EntityFrameworkCore.Database.Command[20101]
      Executed DbCommand (0ms) [Parameters=[], CommandType='Text', CommandTimeout='30']
      SELECT [c].[Id], [c].[ClaimAmount], [c].[CreatedAt], [c].[IsActive], [c].[PolicyId], [c].[Reason], [c].[Status], [c].[UpdatedAt], [c].[UserId]
      FROM [Claims] AS [c]
info: Microsoft.EntityFrameworkCore.Database.Command[20101]
      Executed DbCommand (0ms) [Parameters=[], CommandType='Text', CommandTimeout='30']
      SELECT [c].[Id], [c].[AgentId], [c].[CommissionRate], [c].[CreatedAt], [c].[DisbursalDate], [c].[EarnedAmount], [c].[IsActive], [c].[PolicyId], [c].[PremiumAmount], [c].[Status], [c].[UpdatedAt]
      FROM [CommissionLogs] AS [c]
info: Microsoft.EntityFrameworkCore.Database.Command[20101]
      Executed DbCommand (0ms) [Parameters=[], CommandType='Text', CommandTimeout='30']
      SELECT [d].[Id], [d].[CreatedAt], [d].[DocumentType], [d].[FileName], [d].[FilePath], [d].[IsActive], [d].[RelatedEntityId], [d].[RelatedEntityType], [d].[Status], [d].[UpdatedAt], [d].[UploadedByUserId]
      FROM [Documents] AS [d]
info: Microsoft.EntityFrameworkCore.Database.Command[20101]
      Executed DbCommand (1ms) [Parameters=[@__email_0='?' (Size = 4000)], CommandType='Text', CommandTimeout='30']
      SELECT TOP(1) [u].[Id], [u].[CreatedAt], [u].[Email], [u].[FullName], [u].[IsActive], [u].[PasswordHash], [u].[Role], [u].[UpdatedAt]
      FROM [Users] AS [u]
      WHERE [u].[Email] = @__email_0 AND [u].[IsActive] = CAST(1 AS bit)
info: Microsoft.EntityFrameworkCore.Database.Command[20101]
      Executed DbCommand (3ms) [Parameters=[@p0='?' (DbType = DateTime2), @p1='?' (Size = 4000), @p2='?' (Size = 4000), @p3='?' (DbType = Boolean), @p4='?' (Size = 4000), @p5='?' (DbType = Int32), @p6='?' (DbType = DateTime2)], CommandType='Text', CommandTimeout='30']
      SET IMPLICIT_TRANSACTIONS OFF;
      SET NOCOUNT ON;
      INSERT INTO [Users] ([CreatedAt], [Email], [FullName], [IsActive], [PasswordHash], [Role], [UpdatedAt])
      OUTPUT INSERTED.[Id]
      VALUES (@p0, @p1, @p2, @p3, @p4, @p5, @p6);
info: Microsoft.EntityFrameworkCore.Database.Command[20101]
      Executed DbCommand (0ms) [Parameters=[], CommandType='Text', CommandTimeout='30']
      SELECT [p].[Id], [p].[AgentId], [p].[CoverageAmount], [p].[CreatedAt], [p].[ExpiryDate], [p].[IsActive], [p].[MonthlyPremium], [p].[PlanName], [p].[PolicyNumber], [p].[Status], [p].[TierName], [p].[UpdatedAt], [p].[UserId]
      FROM [Policies] AS [p]
info: Microsoft.EntityFrameworkCore.Database.Command[20101]
      Executed DbCommand (0ms) [Parameters=[], CommandType='Text', CommandTimeout='30']
      SELECT [u].[Id], [u].[CreatedAt], [u].[Email], [u].[FullName], [u].[IsActive], [u].[PasswordHash], [u].[Role], [u].[UpdatedAt]
      FROM [Users] AS [u]
